<?xml version="1.0" encoding="UTF-8"?>
<Site BuildName="Linux-g++-14"
	BuildStamp="20250425-1731-Experimental"
	Name="DESKTOP-NJDKBVM"
	Generator="ctest-4.0.0"
	CompilerName="/usr/bin/g++-14"
	CompilerVersion="14.2.0"
	OSName="Linux"
	Hostname="DESKTOP-NJDKBVM"
	OSRelease="5.15.167.4-microsoft-standard-WSL2"
	OSVersion="#1 SMP Tue Nov 5 00:21:55 UTC 2024"
	OSPlatform="x86_64"
	Is64Bits="1"
	VendorString="GenuineIntel"
	VendorID="Intel Corporation"
	FamilyID="6"
	ModelID="183"
	ModelName="13th Gen Intel(R) Core(TM) i7-13700KF"
	ProcessorCacheSize="30720"
	NumberOfLogicalCPU="24"
	NumberOfPhysicalCPU="12"
	TotalVirtualMemory="4096"
	TotalPhysicalMemory="15899"
	LogicalProcessorsPerPhysical="2"
	ProcessorClockFrequency="3417.6"
	>
	<Testing>
		<StartDateTime>Apr 26 01:33 CST</StartDateTime>
		<StartTestTime>1745602422</StartTestTime>
		<TestList/>
		<EndDateTime>Apr 26 01:33 CST</EndDateTime>
		<EndTestTime>1745602422</EndTestTime>
		<ElapsedMinutes>0</ElapsedMinutes>
	</Testing>
</Site>
